0 info it worked if it ends with ok
1 verbose cli [ 'node', '/usr/local/bin/npm', 'link' ]
2 info using npm@2.1.16
3 info using node@v0.10.25
4 verbose node symlink /usr/bin/node
5 verbose linkPkg /home/ken/development/NetBeansProjects/nodejs/ulboracms-installer
6 verbose gentlyRm vacuuming /usr/lib/node_modules/ulboracms-installer
7 silly gentlyRm purging /usr/lib/node_modules/ulboracms-installer
8 silly gentlyRm removing /usr/lib/node_modules
9 silly gentlyRm quitting because other entries in /usr/lib
10 verbose gentlyRm vacuuming /usr/lib/node_modules/ulboracms-installer
11 verbose link build target /usr/lib/node_modules/ulboracms-installer
12 verbose install where, what [ '/home/ken/development/NetBeansProjects/nodejs/ulboracms-installer',
12 verbose install   [] ]
13 verbose install where, deps [ '/home/ken/development/NetBeansProjects/nodejs/ulboracms-installer',
13 verbose install   [] ]
14 verbose install where, peers [ '/home/ken/development/NetBeansProjects/nodejs/ulboracms-installer',
14 verbose install   [] ]
15 info preinstall ulboracms-installer@1.0.1
16 silly install resolved []
17 info build /home/ken/development/NetBeansProjects/nodejs/ulboracms-installer
18 verbose linkStuff [ false,
18 verbose linkStuff   false,
18 verbose linkStuff   false,
18 verbose linkStuff   '/home/ken/development/NetBeansProjects/nodejs' ]
19 info linkStuff ulboracms-installer@1.0.1
20 verbose linkBins ulboracms-installer@1.0.1
21 verbose linkMans ulboracms-installer@1.0.1
22 verbose rebuildBundles ulboracms-installer@1.0.1
23 info install ulboracms-installer@1.0.1
24 info postinstall ulboracms-installer@1.0.1
25 info prepublish ulboracms-installer@1.0.1
26 info build /usr/lib/node_modules/ulboracms-installer
27 verbose linkStuff [ true, '/usr/lib/node_modules', true, '/usr/lib/node_modules' ]
28 info linkStuff ulboracms-installer@1.0.1
29 verbose linkBins ulboracms-installer@1.0.1
30 verbose link bins [ { uins: './bin/ulboracms-installer' }, '/usr/bin', true ]
31 verbose linkMans ulboracms-installer@1.0.1
32 verbose gentlyRm verifying that /home/ken/development/NetBeansProjects/nodejs/ulboracms-installer is managed by npm
33 silly isManaged /home/ken/development/NetBeansProjects/nodejs/ulboracms-installer is inside /home/ken/development/NetBeansProjects/nodejs/ulboracms-installer
34 silly gentlyRm /home/ken/development/NetBeansProjects/nodejs/ulboracms-installer is managed by npm
35 silly gentlyRm /usr/bin/uins is not under /home/ken/development/NetBeansProjects/nodejs/ulboracms-installer
36 silly gentlyRm checking to see if /usr/bin/uins is a link
37 silly gentlyRm /usr/bin/uins is a link
38 silly gentlyRm checking to see if /usr/lib/node_modules/ulboracms-installer/bin/ulboracms is managed by npm
39 verbose isManaged no path
40 verbose gentlyRm /usr/lib/node_modules/ulboracms-installer/bin/ulboracms is not managed by npm
41 verbose stack Error: Refusing to delete: /usr/bin/uins not in /home/ken/development/NetBeansProjects/nodejs/ulboracms-installer
41 verbose stack     at clobberFail (/usr/local/lib/node_modules/npm/lib/utils/gently-rm.js:168:12)
41 verbose stack     at /usr/local/lib/node_modules/npm/lib/utils/gently-rm.js:107:18
41 verbose stack     at zalgoSafe (/usr/local/lib/node_modules/npm/node_modules/dezalgo/dezalgo.js:20:10)
41 verbose stack     at map (/usr/local/lib/node_modules/npm/node_modules/async-some/some.js:28:33)
41 verbose stack     at reduce (/usr/local/lib/node_modules/npm/node_modules/async-some/some.js:38:5)
41 verbose stack     at /usr/local/lib/node_modules/npm/lib/utils/gently-rm.js:124:42
41 verbose stack     at cb (/usr/local/lib/node_modules/npm/node_modules/slide/lib/async-map.js:47:24)
41 verbose stack     at /usr/local/lib/node_modules/npm/lib/utils/gently-rm.js:147:22
41 verbose stack     at Object.oncomplete (evalmachine.<anonymous>:107:15)
42 verbose cwd /home/ken/development/NetBeansProjects/nodejs/ulboracms-installer
43 error Linux 3.0.0-12-generic
44 error argv "node" "/usr/local/bin/npm" "link"
45 error node v0.10.25
46 error npm  v2.1.16
47 error path /usr/bin/uins
48 error code EEXIST
49 error Refusing to delete: /usr/bin/uins not in /home/ken/development/NetBeansProjects/nodejs/ulboracms-installer
File exists: /usr/bin/uins
Move it away, and try again.
50 verbose exit [ 1, true ]
